{
    "Role": {
        "RoleName": "sample-lambda",
        "RoleId": "AROA3FEVDYL4FKMAJZU7S",
        "CreateDate": "2020-04-16T16:54:55Z",
        "Path": "/",
        "Arn": "arn:aws:iam::766964384504:role/sample-lambda",
        "AssumeRolePolicyDocument": {
            "Statement": [
                {
                    "Effect": "Allow",
                    "Principal": {
                        "Service": "lambda.amazonaws.com"
                    },
                    "Action": "sts:AssumeRole"
                }
            ],
            "Version": "2012-10-17"
        }
    }
}
